{"/home/work/Desktop/node_course/mongo-db/src/index.js": {"path":"/home/work/Desktop/node_course/mongo-db/src/index.js","statementMap":{"0":{"start":{"line":1,"column":0},"end":{"line":1,"column":24}},"1":{"start":{"line":2,"column":16},"end":{"line":2,"column":34}},"2":{"start":{"line":3,"column":21},"end":{"line":3,"column":49}},"3":{"start":{"line":5,"column":12},"end":{"line":5,"column":21}},"4":{"start":{"line":7,"column":0},"end":{"line":7,"column":23}},"5":{"start":{"line":10,"column":0},"end":{"line":10,"column":21}},"6":{"start":{"line":13,"column":13},"end":{"line":13,"column":17}},"7":{"start":{"line":15,"column":15},"end":{"line":17,"column":2}},"8":{"start":{"line":16,"column":4},"end":{"line":16,"column":43}},"9":{"start":{"line":20,"column":0},"end":{"line":20,"column":24}}},"fnMap":{"0":{"name":"(anonymous_0)","decl":{"start":{"line":15,"column":32},"end":{"line":15,"column":33}},"loc":{"start":{"line":15,"column":38},"end":{"line":17,"column":1}},"line":15}},"branchMap":{},"s":{"0":1,"1":1,"2":1,"3":1,"4":1,"5":1,"6":1,"7":1,"8":1,"9":1},"f":{"0":1},"b":{},"_coverageSchema":"1a1c01bbd47fc00a2c39e90264f33305004495a9","hash":"0aa3161993ef27c8841171f9dba5b7cabec992f8"}
,"/home/work/Desktop/node_course/mongo-db/src/db/mongoose.js": {"path":"/home/work/Desktop/node_course/mongo-db/src/db/mongoose.js","statementMap":{"0":{"start":{"line":1,"column":17},"end":{"line":1,"column":36}},"1":{"start":{"line":3,"column":12},"end":{"line":3,"column":52}},"2":{"start":{"line":6,"column":0},"end":{"line":8,"column":60}},"3":{"start":{"line":7,"column":16},"end":{"line":7,"column":46}},"4":{"start":{"line":8,"column":20},"end":{"line":8,"column":59}}},"fnMap":{"0":{"name":"(anonymous_0)","decl":{"start":{"line":7,"column":10},"end":{"line":7,"column":11}},"loc":{"start":{"line":7,"column":16},"end":{"line":7,"column":46}},"line":7},"1":{"name":"(anonymous_1)","decl":{"start":{"line":8,"column":11},"end":{"line":8,"column":12}},"loc":{"start":{"line":8,"column":20},"end":{"line":8,"column":59}},"line":8}},"branchMap":{},"s":{"0":1,"1":1,"2":1,"3":1,"4":0},"f":{"0":1,"1":0},"b":{},"_coverageSchema":"1a1c01bbd47fc00a2c39e90264f33305004495a9","hash":"3d76dbd9b24f52c2901aa85c9ff8ba64d16cca5b"}
,"/home/work/Desktop/node_course/mongo-db/src/models/courses.js": {"path":"/home/work/Desktop/node_course/mongo-db/src/models/courses.js","statementMap":{"0":{"start":{"line":1,"column":19},"end":{"line":1,"column":33}},"1":{"start":{"line":2,"column":17},"end":{"line":2,"column":36}},"2":{"start":{"line":5,"column":22},"end":{"line":13,"column":2}},"3":{"start":{"line":16,"column":16},"end":{"line":16,"column":55}},"4":{"start":{"line":18,"column":0},"end":{"line":18,"column":24}}},"fnMap":{},"branchMap":{},"s":{"0":1,"1":1,"2":1,"3":1,"4":1},"f":{},"b":{},"_coverageSchema":"1a1c01bbd47fc00a2c39e90264f33305004495a9","hash":"839a49e1a0082b759efdd5d4c7c4388d6ee79755"}
,"/home/work/Desktop/node_course/mongo-db/src/routes/coureses.js": {"path":"/home/work/Desktop/node_course/mongo-db/src/routes/coureses.js","statementMap":{"0":{"start":{"line":1,"column":12},"end":{"line":1,"column":26}},"1":{"start":{"line":2,"column":16},"end":{"line":2,"column":34}},"2":{"start":{"line":3,"column":16},"end":{"line":3,"column":44}},"3":{"start":{"line":6,"column":14},"end":{"line":6,"column":34}},"4":{"start":{"line":8,"column":0},"end":{"line":22,"column":2}},"5":{"start":{"line":10,"column":4},"end":{"line":21,"column":5}},"6":{"start":{"line":11,"column":24},"end":{"line":11,"column":44}},"7":{"start":{"line":12,"column":8},"end":{"line":14,"column":9}},"8":{"start":{"line":13,"column":12},"end":{"line":13,"column":52}},"9":{"start":{"line":16,"column":8},"end":{"line":16,"column":25}},"10":{"start":{"line":20,"column":8},"end":{"line":20,"column":30}},"11":{"start":{"line":24,"column":0},"end":{"line":37,"column":2}},"12":{"start":{"line":25,"column":4},"end":{"line":35,"column":5}},"13":{"start":{"line":26,"column":23},"end":{"line":26,"column":68}},"14":{"start":{"line":27,"column":8},"end":{"line":29,"column":9}},"15":{"start":{"line":28,"column":12},"end":{"line":28,"column":52}},"16":{"start":{"line":31,"column":8},"end":{"line":31,"column":24}},"17":{"start":{"line":34,"column":8},"end":{"line":34,"column":30}},"18":{"start":{"line":39,"column":0},"end":{"line":56,"column":2}},"19":{"start":{"line":41,"column":4},"end":{"line":55,"column":5}},"20":{"start":{"line":42,"column":26},"end":{"line":42,"column":51}},"21":{"start":{"line":44,"column":8},"end":{"line":44,"column":72}},"22":{"start":{"line":44,"column":19},"end":{"line":44,"column":72}},"23":{"start":{"line":46,"column":23},"end":{"line":46,"column":44}},"24":{"start":{"line":47,"column":8},"end":{"line":47,"column":27}},"25":{"start":{"line":49,"column":8},"end":{"line":49,"column":36}},"26":{"start":{"line":53,"column":8},"end":{"line":53,"column":23}},"27":{"start":{"line":58,"column":0},"end":{"line":81,"column":2}},"28":{"start":{"line":59,"column":4},"end":{"line":80,"column":5}},"29":{"start":{"line":61,"column":31},"end":{"line":61,"column":49}},"30":{"start":{"line":62,"column":24},"end":{"line":62,"column":45}},"31":{"start":{"line":63,"column":26},"end":{"line":63,"column":82}},"32":{"start":{"line":63,"column":50},"end":{"line":63,"column":81}},"33":{"start":{"line":65,"column":8},"end":{"line":67,"column":9}},"34":{"start":{"line":66,"column":12},"end":{"line":66,"column":59}},"35":{"start":{"line":68,"column":23},"end":{"line":68,"column":68}},"36":{"start":{"line":69,"column":8},"end":{"line":71,"column":9}},"37":{"start":{"line":70,"column":12},"end":{"line":70,"column":52}},"38":{"start":{"line":73,"column":8},"end":{"line":73,"column":68}},"39":{"start":{"line":73,"column":34},"end":{"line":73,"column":67}},"40":{"start":{"line":74,"column":8},"end":{"line":74,"column":27}},"41":{"start":{"line":75,"column":8},"end":{"line":75,"column":24}},"42":{"start":{"line":79,"column":8},"end":{"line":79,"column":37}},"43":{"start":{"line":83,"column":0},"end":{"line":100,"column":2}},"44":{"start":{"line":86,"column":8},"end":{"line":98,"column":9}},"45":{"start":{"line":87,"column":27},"end":{"line":87,"column":72}},"46":{"start":{"line":88,"column":8},"end":{"line":90,"column":9}},"47":{"start":{"line":89,"column":12},"end":{"line":89,"column":52}},"48":{"start":{"line":93,"column":8},"end":{"line":93,"column":18}},"49":{"start":{"line":97,"column":12},"end":{"line":97,"column":34}},"50":{"start":{"line":102,"column":24},"end":{"line":109,"column":1}},"51":{"start":{"line":103,"column":19},"end":{"line":106,"column":6}},"52":{"start":{"line":108,"column":4},"end":{"line":108,"column":34}},"53":{"start":{"line":111,"column":0},"end":{"line":111,"column":22}}},"fnMap":{"0":{"name":"(anonymous_0)","decl":{"start":{"line":8,"column":26},"end":{"line":8,"column":27}},"loc":{"start":{"line":8,"column":46},"end":{"line":22,"column":1}},"line":8},"1":{"name":"(anonymous_1)","decl":{"start":{"line":24,"column":30},"end":{"line":24,"column":31}},"loc":{"start":{"line":24,"column":50},"end":{"line":37,"column":1}},"line":24},"2":{"name":"(anonymous_2)","decl":{"start":{"line":39,"column":27},"end":{"line":39,"column":28}},"loc":{"start":{"line":39,"column":47},"end":{"line":56,"column":1}},"line":39},"3":{"name":"(anonymous_3)","decl":{"start":{"line":58,"column":32},"end":{"line":58,"column":33}},"loc":{"start":{"line":58,"column":52},"end":{"line":81,"column":1}},"line":58},"4":{"name":"(anonymous_4)","decl":{"start":{"line":63,"column":40},"end":{"line":63,"column":41}},"loc":{"start":{"line":63,"column":50},"end":{"line":63,"column":81}},"line":63},"5":{"name":"(anonymous_5)","decl":{"start":{"line":73,"column":24},"end":{"line":73,"column":25}},"loc":{"start":{"line":73,"column":34},"end":{"line":73,"column":67}},"line":73},"6":{"name":"(anonymous_6)","decl":{"start":{"line":83,"column":33},"end":{"line":83,"column":34}},"loc":{"start":{"line":83,"column":53},"end":{"line":100,"column":1}},"line":83},"7":{"name":"(anonymous_7)","decl":{"start":{"line":102,"column":24},"end":{"line":102,"column":25}},"loc":{"start":{"line":102,"column":36},"end":{"line":109,"column":1}},"line":102}},"branchMap":{"0":{"loc":{"start":{"line":12,"column":8},"end":{"line":14,"column":9}},"type":"if","locations":[{"start":{"line":12,"column":8},"end":{"line":14,"column":9}},{"start":{"line":12,"column":8},"end":{"line":14,"column":9}}],"line":12},"1":{"loc":{"start":{"line":27,"column":8},"end":{"line":29,"column":9}},"type":"if","locations":[{"start":{"line":27,"column":8},"end":{"line":29,"column":9}},{"start":{"line":27,"column":8},"end":{"line":29,"column":9}}],"line":27},"2":{"loc":{"start":{"line":44,"column":8},"end":{"line":44,"column":72}},"type":"if","locations":[{"start":{"line":44,"column":8},"end":{"line":44,"column":72}},{"start":{"line":44,"column":8},"end":{"line":44,"column":72}}],"line":44},"3":{"loc":{"start":{"line":65,"column":8},"end":{"line":67,"column":9}},"type":"if","locations":[{"start":{"line":65,"column":8},"end":{"line":67,"column":9}},{"start":{"line":65,"column":8},"end":{"line":67,"column":9}}],"line":65},"4":{"loc":{"start":{"line":69,"column":8},"end":{"line":71,"column":9}},"type":"if","locations":[{"start":{"line":69,"column":8},"end":{"line":71,"column":9}},{"start":{"line":69,"column":8},"end":{"line":71,"column":9}}],"line":69},"5":{"loc":{"start":{"line":88,"column":8},"end":{"line":90,"column":9}},"type":"if","locations":[{"start":{"line":88,"column":8},"end":{"line":90,"column":9}},{"start":{"line":88,"column":8},"end":{"line":90,"column":9}}],"line":88}},"s":{"0":1,"1":1,"2":1,"3":1,"4":1,"5":1,"6":1,"7":1,"8":0,"9":1,"10":0,"11":1,"12":2,"13":2,"14":1,"15":0,"16":1,"17":1,"18":1,"19":2,"20":2,"21":2,"22":1,"23":1,"24":1,"25":1,"26":0,"27":1,"28":2,"29":2,"30":2,"31":2,"32":2,"33":2,"34":1,"35":1,"36":1,"37":0,"38":1,"39":1,"40":1,"41":1,"42":0,"43":1,"44":2,"45":2,"46":1,"47":0,"48":1,"49":1,"50":1,"51":2,"52":2,"53":1},"f":{"0":1,"1":2,"2":2,"3":2,"4":2,"5":1,"6":2,"7":2},"b":{"0":[0,1],"1":[0,1],"2":[1,1],"3":[1,1],"4":[0,1],"5":[0,1]},"_coverageSchema":"1a1c01bbd47fc00a2c39e90264f33305004495a9","hash":"e6898218a61d068ba33307d7cc318dcf80f65853"}
}
