TN:
SF:src/index.js
FN:15,(anonymous_0)
FNF:1
FNH:1
FNDA:1,(anonymous_0)
DA:1,1
DA:2,1
DA:3,1
DA:5,1
DA:7,1
DA:10,1
DA:13,1
DA:15,1
DA:16,1
DA:20,1
LF:10
LH:10
BRF:0
BRH:0
end_of_record
TN:
SF:src/db/mongoose.js
FN:7,(anonymous_0)
FN:8,(anonymous_1)
FNF:2
FNH:1
FNDA:1,(anonymous_0)
FNDA:0,(anonymous_1)
DA:1,1
DA:3,1
DA:6,1
DA:7,1
DA:8,0
LF:5
LH:4
BRF:0
BRH:0
end_of_record
TN:
SF:src/models/courses.js
FNF:0
FNH:0
DA:1,1
DA:2,1
DA:5,1
DA:16,1
DA:18,1
LF:5
LH:5
BRF:0
BRH:0
end_of_record
TN:
SF:src/routes/coureses.js
FN:8,(anonymous_0)
FN:24,(anonymous_1)
FN:39,(anonymous_2)
FN:58,(anonymous_3)
FN:63,(anonymous_4)
FN:73,(anonymous_5)
FN:83,(anonymous_6)
FN:102,(anonymous_7)
FNF:8
FNH:8
FNDA:1,(anonymous_0)
FNDA:2,(anonymous_1)
FNDA:2,(anonymous_2)
FNDA:2,(anonymous_3)
FNDA:2,(anonymous_4)
FNDA:1,(anonymous_5)
FNDA:2,(anonymous_6)
FNDA:2,(anonymous_7)
DA:1,1
DA:2,1
DA:3,1
DA:6,1
DA:8,1
DA:10,1
DA:11,1
DA:12,1
DA:13,0
DA:16,1
DA:20,0
DA:24,1
DA:25,2
DA:26,2
DA:27,1
DA:28,0
DA:31,1
DA:34,1
DA:39,1
DA:41,2
DA:42,2
DA:44,2
DA:46,1
DA:47,1
DA:49,1
DA:53,0
DA:58,1
DA:59,2
DA:61,2
DA:62,2
DA:63,2
DA:65,2
DA:66,1
DA:68,1
DA:69,1
DA:70,0
DA:73,1
DA:74,1
DA:75,1
DA:79,0
DA:83,1
DA:86,2
DA:87,2
DA:88,1
DA:89,0
DA:93,1
DA:97,1
DA:102,1
DA:103,2
DA:108,2
DA:111,1
LF:51
LH:44
BRDA:12,0,0,0
BRDA:12,0,1,1
BRDA:27,1,0,0
BRDA:27,1,1,1
BRDA:44,2,0,1
BRDA:44,2,1,1
BRDA:65,3,0,1
BRDA:65,3,1,1
BRDA:69,4,0,0
BRDA:69,4,1,1
BRDA:88,5,0,0
BRDA:88,5,1,1
BRF:12
BRH:8
end_of_record
